<?xml version="1.0" encoding="UTF-8"?>
<!-- Generated by org.testng.reporters.JUnitReportReporter -->
<testsuite hostname="Nirmita-Mac.local" name="Runner.TestRunner" tests="1" failures="0" timestamp="8 Apr 2020 11:33:42 GMT" time="384.189" errors="0">
  <testcase name="feature" time="384.189" classname="Runner.TestRunner"/>
</testsuite> <!-- Runner.TestRunner -->
